<?xml version="1.0" encoding="UTF-8"?>
<testng-results skipped="0" failed="0" ignored="0" total="1" passed="1">
  <reporter-output>
  </reporter-output>
  <suite name="Default suite" duration-ms="53483" started-at="2020-09-23T12:23:48Z" finished-at="2020-09-23T12:24:41Z">
    <groups>
    </groups>
    <test name="Default test" duration-ms="53483" started-at="2020-09-23T12:23:48Z" finished-at="2020-09-23T12:24:41Z">
      <class name="com.appium.pac.gestures.Switch_Apps">
        <test-method status="PASS" signature="apps()[pri:0, instance:com.appium.pac.gestures.Switch_Apps@371a67ec]" name="apps" duration-ms="53404" started-at="2020-09-23T17:53:48Z" finished-at="2020-09-23T17:54:41Z">
          <reporter-output>
          </reporter-output>
        </test-method> <!-- apps -->
      </class> <!-- com.appium.pac.gestures.Switch_Apps -->
    </test> <!-- Default test -->
  </suite> <!-- Default suite -->
</testng-results>
